<?xml version="1.0" encoding="UTF-8"?>
<testsuite name="Test"
           tests="5"
           failures="2"
           errors="0"
           skipped="1"
           time="17.111">
  <properties />
            <testcase name="facebookAccCreation" time="9.620" classname="com.ecomerce.test.ParalellTest">
                <failure type="java.lang.AssertionError"
                  message=" Day or/and Gender assertion failed
	expected [Sign up for Facebook | Facebook] but found [Google]"
              >
<![CDATA[java.lang.AssertionError:  Day or/and Gender assertion failed
	expected [Sign up for Facebook | Facebook] but found [Google]
  org.testng.asserts.SoftAssert.assertAll(SoftAssert.java:46)
  com.ecomerce.test.ParalellTest.facebookAccCreation(ParalellTest.java:44)
  java.base/jdk.internal.reflect.NativeMethodAccessorImpl.invoke0(Native Method)
  java.base/jdk.internal.reflect.NativeMethodAccessorImpl.invoke(NativeMethodAccessorImpl.java:77)
  java.base/jdk.internal.reflect.DelegatingMethodAccessorImpl.invoke(DelegatingMethodAccessorImpl.java:43)
  java.base/java.lang.reflect.Method.invoke(Method.java:568)
  org.testng.internal.invokers.MethodInvocationHelper.invokeMethod(MethodInvocationHelper.java:139)
  org.testng.internal.invokers.TestInvoker.invokeMethod(TestInvoker.java:664)
  org.testng.internal.invokers.TestInvoker.invokeTestMethod(TestInvoker.java:227)
  org.testng.internal.invokers.MethodRunner.runInSequence(MethodRunner.java:50)
  org.testng.internal.invokers.TestInvoker$MethodInvocationAgent.invoke(TestInvoker.java:957)
  org.testng.internal.invokers.TestInvoker.invokeTestMethods(TestInvoker.java:200)
  org.testng.internal.invokers.TestMethodWorker.invokeTestMethods(TestMethodWorker.java:148)
  org.testng.internal.invokers.TestMethodWorker.run(TestMethodWorker.java:128)
  java.base/java.util.concurrent.ThreadPoolExecutor.runWorker(ThreadPoolExecutor.java:1136)
  java.base/java.util.concurrent.ThreadPoolExecutor$Worker.run(ThreadPoolExecutor.java:635)
  java.base/java.lang.Thread.run(Thread.java:833)
]]>
      </failure>

          </testcase>
            <testcase name="googleWebsiteTitle" time="7.447" classname="com.ecomerce.test.ParalellTest">
                <failure type="java.lang.AssertionError"
                  message=" Google title did not match
	expected [Sign up for Facebook | Facebook] but found [Google]"
              >
<![CDATA[java.lang.AssertionError:  Google title did not match
	expected [Sign up for Facebook | Facebook] but found [Google]
  org.testng.asserts.SoftAssert.assertAll(SoftAssert.java:46)
  com.ecomerce.test.ParalellTest.googleWebsiteTitle(ParalellTest.java:87)
  java.base/jdk.internal.reflect.NativeMethodAccessorImpl.invoke0(Native Method)
  java.base/jdk.internal.reflect.NativeMethodAccessorImpl.invoke(NativeMethodAccessorImpl.java:77)
  java.base/jdk.internal.reflect.DelegatingMethodAccessorImpl.invoke(DelegatingMethodAccessorImpl.java:43)
  java.base/java.lang.reflect.Method.invoke(Method.java:568)
  org.testng.internal.invokers.MethodInvocationHelper.invokeMethod(MethodInvocationHelper.java:139)
  org.testng.internal.invokers.TestInvoker.invokeMethod(TestInvoker.java:664)
  org.testng.internal.invokers.TestInvoker.invokeTestMethod(TestInvoker.java:227)
  org.testng.internal.invokers.MethodRunner.runInSequence(MethodRunner.java:50)
  org.testng.internal.invokers.TestInvoker$MethodInvocationAgent.invoke(TestInvoker.java:957)
  org.testng.internal.invokers.TestInvoker.invokeTestMethods(TestInvoker.java:200)
  org.testng.internal.invokers.TestMethodWorker.invokeTestMethods(TestMethodWorker.java:148)
  org.testng.internal.invokers.TestMethodWorker.run(TestMethodWorker.java:128)
  java.base/java.util.concurrent.ThreadPoolExecutor.runWorker(ThreadPoolExecutor.java:1136)
  java.base/java.util.concurrent.ThreadPoolExecutor$Worker.run(ThreadPoolExecutor.java:635)
  java.base/java.lang.Thread.run(Thread.java:833)
]]>
      </failure>

          </testcase>
  
            <testcase name="googleAccCreation" time="0.0" classname="com.ecomerce.test.ParalellTest">
          <skipped />
    </testcase>
  
            <testcase name="f1" time="0.028" classname="com.ecomerce.test.ParalellTest" />
                <testcase name="f2" time="0.016" classname="com.ecomerce.test.ParalellTest" />
      
</testsuite>
