<?xml version="1.0" encoding="UTF-8"?>
<testng-results ignored="0" total="6" passed="3" failed="2" skipped="1">
  <reporter-output>
  </reporter-output>
  <suite started-at="2023-07-20T15:20:04 IST" name="Suite" finished-at="2023-07-20T15:20:36 IST" duration-ms="32255">
    <groups>
      <group name="Google">
        <method signature="FBRegistration.googleAccount(java.lang.String,java.lang.String)[pri:0, instance:com.ecommerce.test.FBRegistration@443118b0]" name="googleAccount" class="com.ecommerce.test.FBRegistration"/>
        <method signature="FBRegistration.searchGoogle()[pri:0, instance:com.ecommerce.test.FBRegistration@443118b0]" name="searchGoogle" class="com.ecommerce.test.FBRegistration"/>
      </group> <!-- Google -->
      <group name="Account Creation">
        <method signature="FBRegistration.fbAccount()[pri:0, instance:com.ecommerce.test.FBRegistration@443118b0]" name="fbAccount" class="com.ecommerce.test.FBRegistration"/>
        <method signature="FBRegistration.googleAccount(java.lang.String,java.lang.String)[pri:0, instance:com.ecommerce.test.FBRegistration@443118b0]" name="googleAccount" class="com.ecommerce.test.FBRegistration"/>
      </group> <!-- Account Creation -->
      <group name="Class1">
        <method signature="FBRegistration.f1()[pri:0, instance:com.ecommerce.test.FBRegistration@443118b0]" name="f1" class="com.ecommerce.test.FBRegistration"/>
        <method signature="FBRegistration.fbAccount()[pri:0, instance:com.ecommerce.test.FBRegistration@443118b0]" name="fbAccount" class="com.ecommerce.test.FBRegistration"/>
        <method signature="FBRegistration.googleAccount(java.lang.String,java.lang.String)[pri:0, instance:com.ecommerce.test.FBRegistration@443118b0]" name="googleAccount" class="com.ecommerce.test.FBRegistration"/>
        <method signature="FBRegistration.searchGoogle()[pri:0, instance:com.ecommerce.test.FBRegistration@443118b0]" name="searchGoogle" class="com.ecommerce.test.FBRegistration"/>
        <method signature="FBRegistration.testLocalPage()[pri:0, instance:com.ecommerce.test.FBRegistration@443118b0]" name="testLocalPage" class="com.ecommerce.test.FBRegistration"/>
      </group> <!-- Class1 -->
      <group name="Dummy">
        <method signature="FBRegistration.f1()[pri:0, instance:com.ecommerce.test.FBRegistration@443118b0]" name="f1" class="com.ecommerce.test.FBRegistration"/>
      </group> <!-- Dummy -->
    </groups>
    <test started-at="2023-07-20T15:20:04 IST" name="Test FaceBook" finished-at="2023-07-20T15:20:36 IST" duration-ms="32255">
      <class name="com.ecommerce.test.FBRegistration">
        <test-method is-config="true" signature="beforeSuite()[pri:0, instance:com.ecommerce.test.FBRegistration@443118b0]" started-at="2023-07-20T15:19:52 IST" name="beforeSuite" finished-at="2023-07-20T15:20:04 IST" duration-ms="12334" status="PASS">
          <reporter-output>
          </reporter-output>
        </test-method> <!-- beforeSuite -->
        <test-method is-config="true" signature="beforeTest()[pri:0, instance:com.ecommerce.test.FBRegistration@443118b0]" started-at="2023-07-20T15:20:04 IST" name="beforeTest" finished-at="2023-07-20T15:20:04 IST" duration-ms="4" status="PASS">
          <reporter-output>
          </reporter-output>
        </test-method> <!-- beforeTest -->
        <test-method is-config="true" signature="beforeClass()[pri:0, instance:com.ecommerce.test.FBRegistration@443118b0]" started-at="2023-07-20T15:20:04 IST" name="beforeClass" finished-at="2023-07-20T15:20:04 IST" duration-ms="6" status="PASS">
          <reporter-output>
          </reporter-output>
        </test-method> <!-- beforeClass -->
        <test-method is-config="true" signature="beforeMethod()[pri:0, instance:com.ecommerce.test.FBRegistration@443118b0]" started-at="2023-07-20T15:20:05 IST" name="beforeMethod" finished-at="2023-07-20T15:20:05 IST" duration-ms="28" status="PASS">
          <reporter-output>
          </reporter-output>
        </test-method> <!-- beforeMethod -->
        <test-method is-config="true" signature="beforeMethod()[pri:0, instance:com.ecommerce.test.FBRegistration@443118b0]" started-at="2023-07-20T15:20:05 IST" name="beforeMethod" finished-at="2023-07-20T15:20:05 IST" duration-ms="24" status="PASS">
          <reporter-output>
          </reporter-output>
        </test-method> <!-- beforeMethod -->
        <test-method is-config="true" signature="beforeMethod()[pri:0, instance:com.ecommerce.test.FBRegistration@443118b0]" started-at="2023-07-20T15:20:05 IST" name="beforeMethod" finished-at="2023-07-20T15:20:05 IST" duration-ms="12" status="PASS">
          <reporter-output>
          </reporter-output>
        </test-method> <!-- beforeMethod -->
        <test-method signature="googleAccount(java.lang.String,java.lang.String)[pri:0, instance:com.ecommerce.test.FBRegistration@443118b0]" started-at="2023-07-20T15:20:05 IST" name="googleAccount" data-provider="googleNewUserData" finished-at="2023-07-20T15:20:30 IST" duration-ms="25106" status="PASS">
          <params>
            <param index="0">
              <value>
                <![CDATA[fname1]]>
              </value>
            </param>
            <param index="1">
              <value>
                <![CDATA[lname1]]>
              </value>
            </param>
          </params>
          <reporter-output>
          </reporter-output>
        </test-method> <!-- googleAccount -->
        <test-method signature="searchGoogle()[pri:0, instance:com.ecommerce.test.FBRegistration@443118b0]" started-at="2023-07-20T15:20:05 IST" name="searchGoogle" finished-at="2023-07-20T15:20:26 IST" duration-ms="21332" status="PASS">
          <reporter-output>
          </reporter-output>
        </test-method> <!-- searchGoogle -->
        <test-method signature="fbAccount()[pri:0, instance:com.ecommerce.test.FBRegistration@443118b0]" started-at="2023-07-20T15:20:05 IST" name="fbAccount" finished-at="2023-07-20T15:20:26 IST" duration-ms="21577" status="FAIL">
          <exception class="org.openqa.selenium.NoSuchElementException">
            <message>
              <![CDATA[no such element: Unable to locate element: {"method":"css selector","selector":"#day"}
  (Session info: chrome=114.0.5735.199)
For documentation on this error, please visit: https://www.selenium.dev/documentation/webdriver/troubleshooting/errors#no-such-element-exception
Build info: version: '4.10.0', revision: 'c14d967899'
System info: os.name: 'Windows 10', os.arch: 'amd64', os.version: '10.0', java.version: '18.0.2.1'
Driver info: org.openqa.selenium.chrome.ChromeDriver
Command: [dd7efab1f31f299b5a3ab8dbb0fa6561, findElement {using=css selector, value=#day}]
Capabilities {acceptInsecureCerts: false, browserName: chrome, browserVersion: 114.0.5735.199, chrome: {chromedriverVersion: 114.0.5735.90 (386bc09e8f4f..., userDataDir: C:\Users\HomeWk\AppData\Loc...}, goog:chromeOptions: {debuggerAddress: localhost:56385}, networkConnectionEnabled: false, pageLoadStrategy: normal, platformName: windows, proxy: Proxy(), se:cdp: ws://localhost:56385/devtoo..., se:cdpVersion: 114.0.5735.199, setWindowRect: true, strictFileInteractability: false, timeouts: {implicit: 0, pageLoad: 300000, script: 30000}, unhandledPromptBehavior: dismiss and notify, webauthn:extension:credBlob: true, webauthn:extension:largeBlob: true, webauthn:extension:minPinLength: true, webauthn:extension:prf: true, webauthn:virtualAuthenticators: true}
Session ID: dd7efab1f31f299b5a3ab8dbb0fa6561]]>
            </message>
            <full-stacktrace>
              <![CDATA[org.openqa.selenium.NoSuchElementException: no such element: Unable to locate element: {"method":"css selector","selector":"#day"}
  (Session info: chrome=114.0.5735.199)
For documentation on this error, please visit: https://www.selenium.dev/documentation/webdriver/troubleshooting/errors#no-such-element-exception
Build info: version: '4.10.0', revision: 'c14d967899'
System info: os.name: 'Windows 10', os.arch: 'amd64', os.version: '10.0', java.version: '18.0.2.1'
Driver info: org.openqa.selenium.chrome.ChromeDriver
Command: [dd7efab1f31f299b5a3ab8dbb0fa6561, findElement {using=css selector, value=#day}]
Capabilities {acceptInsecureCerts: false, browserName: chrome, browserVersion: 114.0.5735.199, chrome: {chromedriverVersion: 114.0.5735.90 (386bc09e8f4f..., userDataDir: C:\Users\HomeWk\AppData\Loc...}, goog:chromeOptions: {debuggerAddress: localhost:56385}, networkConnectionEnabled: false, pageLoadStrategy: normal, platformName: windows, proxy: Proxy(), se:cdp: ws://localhost:56385/devtoo..., se:cdpVersion: 114.0.5735.199, setWindowRect: true, strictFileInteractability: false, timeouts: {implicit: 0, pageLoad: 300000, script: 30000}, unhandledPromptBehavior: dismiss and notify, webauthn:extension:credBlob: true, webauthn:extension:largeBlob: true, webauthn:extension:minPinLength: true, webauthn:extension:prf: true, webauthn:virtualAuthenticators: true}
Session ID: dd7efab1f31f299b5a3ab8dbb0fa6561
at java.base/jdk.internal.reflect.DirectConstructorHandleAccessor.newInstance(DirectConstructorHandleAccessor.java:67)
at java.base/java.lang.reflect.Constructor.newInstanceWithCaller(Constructor.java:499)
at java.base/java.lang.reflect.Constructor.newInstance(Constructor.java:483)
at org.openqa.selenium.remote.codec.w3c.W3CHttpResponseCodec.createException(W3CHttpResponseCodec.java:199)
at org.openqa.selenium.remote.codec.w3c.W3CHttpResponseCodec.decode(W3CHttpResponseCodec.java:132)
at org.openqa.selenium.remote.codec.w3c.W3CHttpResponseCodec.decode(W3CHttpResponseCodec.java:51)
at org.openqa.selenium.remote.HttpCommandExecutor.execute(HttpCommandExecutor.java:191)
at org.openqa.selenium.remote.service.DriverCommandExecutor.invokeExecute(DriverCommandExecutor.java:196)
at org.openqa.selenium.remote.service.DriverCommandExecutor.execute(DriverCommandExecutor.java:171)
at org.openqa.selenium.remote.RemoteWebDriver.execute(RemoteWebDriver.java:531)
at org.openqa.selenium.remote.ElementLocation$ElementFinder$2.findElement(ElementLocation.java:165)
at org.openqa.selenium.remote.ElementLocation.findElement(ElementLocation.java:59)
at org.openqa.selenium.remote.RemoteWebDriver.findElement(RemoteWebDriver.java:350)
at org.openqa.selenium.remote.RemoteWebDriver.findElement(RemoteWebDriver.java:344)
at com.ecommerce.test.FBRegistration.fbAccount(FBRegistration.java:44)
at java.base/jdk.internal.reflect.DirectMethodHandleAccessor.invoke(DirectMethodHandleAccessor.java:104)
at java.base/java.lang.reflect.Method.invoke(Method.java:577)
at org.testng.internal.invokers.MethodInvocationHelper.invokeMethod(MethodInvocationHelper.java:139)
at org.testng.internal.invokers.TestInvoker.invokeMethod(TestInvoker.java:664)
at org.testng.internal.invokers.TestInvoker.invokeTestMethod(TestInvoker.java:227)
at org.testng.internal.invokers.MethodRunner.runInSequence(MethodRunner.java:50)
at org.testng.internal.invokers.TestInvoker$MethodInvocationAgent.invoke(TestInvoker.java:957)
at org.testng.internal.invokers.TestInvoker.invokeTestMethods(TestInvoker.java:200)
at org.testng.internal.invokers.TestMethodWorker.invokeTestMethods(TestMethodWorker.java:148)
at org.testng.internal.invokers.TestMethodWorker.run(TestMethodWorker.java:128)
at java.base/java.util.concurrent.ThreadPoolExecutor.runWorker(ThreadPoolExecutor.java:1136)
at java.base/java.util.concurrent.ThreadPoolExecutor$Worker.run(ThreadPoolExecutor.java:635)
at java.base/java.lang.Thread.run(Thread.java:833)
]]>
            </full-stacktrace>
          </exception> <!-- org.openqa.selenium.NoSuchElementException -->
          <reporter-output>
          </reporter-output>
        </test-method> <!-- fbAccount -->
        <test-method is-config="true" signature="beforeMethod()[pri:0, instance:com.ecommerce.test.FBRegistration@443118b0]" started-at="2023-07-20T15:20:05 IST" name="beforeMethod" finished-at="2023-07-20T15:20:05 IST" duration-ms="12" status="PASS">
          <reporter-output>
          </reporter-output>
        </test-method> <!-- beforeMethod -->
        <test-method signature="testLocalPage()[pri:0, instance:com.ecommerce.test.FBRegistration@443118b0]" started-at="2023-07-20T15:20:05 IST" name="testLocalPage" finished-at="2023-07-20T15:20:26 IST" duration-ms="21629" status="FAIL">
          <exception class="org.openqa.selenium.NoSuchElementException">
            <message>
              <![CDATA[no such element: Unable to locate element: {"method":"css selector","selector":"#month"}
  (Session info: chrome=114.0.5735.199)
For documentation on this error, please visit: https://www.selenium.dev/documentation/webdriver/troubleshooting/errors#no-such-element-exception
Build info: version: '4.10.0', revision: 'c14d967899'
System info: os.name: 'Windows 10', os.arch: 'amd64', os.version: '10.0', java.version: '18.0.2.1'
Driver info: org.openqa.selenium.chrome.ChromeDriver
Command: [dd7efab1f31f299b5a3ab8dbb0fa6561, findElement {using=id, value=month}]
Capabilities {acceptInsecureCerts: false, browserName: chrome, browserVersion: 114.0.5735.199, chrome: {chromedriverVersion: 114.0.5735.90 (386bc09e8f4f..., userDataDir: C:\Users\HomeWk\AppData\Loc...}, goog:chromeOptions: {debuggerAddress: localhost:56385}, networkConnectionEnabled: false, pageLoadStrategy: normal, platformName: windows, proxy: Proxy(), se:cdp: ws://localhost:56385/devtoo..., se:cdpVersion: 114.0.5735.199, setWindowRect: true, strictFileInteractability: false, timeouts: {implicit: 0, pageLoad: 300000, script: 30000}, unhandledPromptBehavior: dismiss and notify, webauthn:extension:credBlob: true, webauthn:extension:largeBlob: true, webauthn:extension:minPinLength: true, webauthn:extension:prf: true, webauthn:virtualAuthenticators: true}
Session ID: dd7efab1f31f299b5a3ab8dbb0fa6561]]>
            </message>
            <full-stacktrace>
              <![CDATA[org.openqa.selenium.NoSuchElementException: no such element: Unable to locate element: {"method":"css selector","selector":"#month"}
  (Session info: chrome=114.0.5735.199)
For documentation on this error, please visit: https://www.selenium.dev/documentation/webdriver/troubleshooting/errors#no-such-element-exception
Build info: version: '4.10.0', revision: 'c14d967899'
System info: os.name: 'Windows 10', os.arch: 'amd64', os.version: '10.0', java.version: '18.0.2.1'
Driver info: org.openqa.selenium.chrome.ChromeDriver
Command: [dd7efab1f31f299b5a3ab8dbb0fa6561, findElement {using=id, value=month}]
Capabilities {acceptInsecureCerts: false, browserName: chrome, browserVersion: 114.0.5735.199, chrome: {chromedriverVersion: 114.0.5735.90 (386bc09e8f4f..., userDataDir: C:\Users\HomeWk\AppData\Loc...}, goog:chromeOptions: {debuggerAddress: localhost:56385}, networkConnectionEnabled: false, pageLoadStrategy: normal, platformName: windows, proxy: Proxy(), se:cdp: ws://localhost:56385/devtoo..., se:cdpVersion: 114.0.5735.199, setWindowRect: true, strictFileInteractability: false, timeouts: {implicit: 0, pageLoad: 300000, script: 30000}, unhandledPromptBehavior: dismiss and notify, webauthn:extension:credBlob: true, webauthn:extension:largeBlob: true, webauthn:extension:minPinLength: true, webauthn:extension:prf: true, webauthn:virtualAuthenticators: true}
Session ID: dd7efab1f31f299b5a3ab8dbb0fa6561
at java.base/jdk.internal.reflect.DirectConstructorHandleAccessor.newInstance(DirectConstructorHandleAccessor.java:67)
at java.base/java.lang.reflect.Constructor.newInstanceWithCaller(Constructor.java:499)
at java.base/java.lang.reflect.Constructor.newInstance(Constructor.java:483)
at org.openqa.selenium.remote.codec.w3c.W3CHttpResponseCodec.createException(W3CHttpResponseCodec.java:199)
at org.openqa.selenium.remote.codec.w3c.W3CHttpResponseCodec.decode(W3CHttpResponseCodec.java:132)
at org.openqa.selenium.remote.codec.w3c.W3CHttpResponseCodec.decode(W3CHttpResponseCodec.java:51)
at org.openqa.selenium.remote.HttpCommandExecutor.execute(HttpCommandExecutor.java:191)
at org.openqa.selenium.remote.service.DriverCommandExecutor.invokeExecute(DriverCommandExecutor.java:196)
at org.openqa.selenium.remote.service.DriverCommandExecutor.execute(DriverCommandExecutor.java:171)
at org.openqa.selenium.remote.RemoteWebDriver.execute(RemoteWebDriver.java:531)
at org.openqa.selenium.remote.ElementLocation$ElementFinder$2.findElement(ElementLocation.java:165)
at org.openqa.selenium.remote.ElementLocation.findElement(ElementLocation.java:66)
at org.openqa.selenium.remote.RemoteWebDriver.findElement(RemoteWebDriver.java:350)
at org.openqa.selenium.remote.RemoteWebDriver.findElement(RemoteWebDriver.java:344)
at com.ecommerce.test.FBRegistration.testLocalPage(FBRegistration.java:91)
at java.base/jdk.internal.reflect.DirectMethodHandleAccessor.invoke(DirectMethodHandleAccessor.java:104)
at java.base/java.lang.reflect.Method.invoke(Method.java:577)
at org.testng.internal.invokers.MethodInvocationHelper.invokeMethod(MethodInvocationHelper.java:139)
at org.testng.internal.invokers.TestInvoker.invokeMethod(TestInvoker.java:664)
at org.testng.internal.invokers.TestInvoker.invokeTestMethod(TestInvoker.java:227)
at org.testng.internal.invokers.MethodRunner.runInSequence(MethodRunner.java:50)
at org.testng.internal.invokers.TestInvoker$MethodInvocationAgent.invoke(TestInvoker.java:957)
at org.testng.internal.invokers.TestInvoker.invokeTestMethods(TestInvoker.java:200)
at org.testng.internal.invokers.TestMethodWorker.invokeTestMethods(TestMethodWorker.java:148)
at org.testng.internal.invokers.TestMethodWorker.run(TestMethodWorker.java:128)
at java.base/java.util.concurrent.ThreadPoolExecutor.runWorker(ThreadPoolExecutor.java:1136)
at java.base/java.util.concurrent.ThreadPoolExecutor$Worker.run(ThreadPoolExecutor.java:635)
at java.base/java.lang.Thread.run(Thread.java:833)
]]>
            </full-stacktrace>
          </exception> <!-- org.openqa.selenium.NoSuchElementException -->
          <reporter-output>
          </reporter-output>
        </test-method> <!-- testLocalPage -->
        <test-method is-config="true" signature="afterMethod()[pri:0, instance:com.ecommerce.test.FBRegistration@443118b0]" started-at="2023-07-20T15:20:26 IST" name="afterMethod" finished-at="2023-07-20T15:20:26 IST" duration-ms="6" status="PASS">
          <reporter-output>
          </reporter-output>
        </test-method> <!-- afterMethod -->
        <test-method is-config="true" signature="afterMethod()[pri:0, instance:com.ecommerce.test.FBRegistration@443118b0]" started-at="2023-07-20T15:20:26 IST" name="afterMethod" finished-at="2023-07-20T15:20:26 IST" duration-ms="5" status="PASS">
          <reporter-output>
          </reporter-output>
        </test-method> <!-- afterMethod -->
        <test-method is-config="true" signature="afterMethod()[pri:0, instance:com.ecommerce.test.FBRegistration@443118b0]" started-at="2023-07-20T15:20:26 IST" name="afterMethod" finished-at="2023-07-20T15:20:26 IST" duration-ms="4" status="PASS">
          <reporter-output>
          </reporter-output>
        </test-method> <!-- afterMethod -->
        <test-method is-config="true" signature="afterMethod()[pri:0, instance:com.ecommerce.test.FBRegistration@443118b0]" started-at="2023-07-20T15:20:30 IST" name="afterMethod" finished-at="2023-07-20T15:20:30 IST" duration-ms="3" status="PASS">
          <reporter-output>
          </reporter-output>
        </test-method> <!-- afterMethod -->
        <test-method is-config="true" signature="beforeMethod()[pri:0, instance:com.ecommerce.test.FBRegistration@443118b0]" started-at="2023-07-20T15:20:30 IST" name="beforeMethod" finished-at="2023-07-20T15:20:30 IST" duration-ms="18" status="PASS">
          <reporter-output>
          </reporter-output>
        </test-method> <!-- beforeMethod -->
        <test-method signature="googleAccount(java.lang.String,java.lang.String)[pri:0, instance:com.ecommerce.test.FBRegistration@443118b0]" started-at="2023-07-20T15:20:30 IST" name="googleAccount" data-provider="googleNewUserData" finished-at="2023-07-20T15:20:36 IST" duration-ms="6363" status="PASS">
          <params>
            <param index="0">
              <value>
                <![CDATA[fname2__2]]>
              </value>
            </param>
            <param index="1">
              <value>
                <![CDATA[lname2__2]]>
              </value>
            </param>
          </params>
          <reporter-output>
          </reporter-output>
        </test-method> <!-- googleAccount -->
        <test-method is-config="true" signature="afterMethod()[pri:0, instance:com.ecommerce.test.FBRegistration@443118b0]" started-at="2023-07-20T15:20:36 IST" name="afterMethod" finished-at="2023-07-20T15:20:36 IST" duration-ms="2" status="PASS">
          <reporter-output>
          </reporter-output>
        </test-method> <!-- afterMethod -->
        <test-method signature="f1()[pri:0, instance:com.ecommerce.test.FBRegistration@443118b0]" started-at="2023-07-20T15:20:36 IST" name="f1" depends-on-groups="Account Creation" finished-at="2023-07-20T15:20:36 IST" duration-ms="1" status="SKIP">
          <exception class="java.lang.Throwable">
            <message>
              <![CDATA[Method FBRegistration.f1()[pri:0, instance:com.ecommerce.test.FBRegistration@443118b0] depends on not successfully finished methods in group "Account Creation"]]>
            </message>
            <full-stacktrace>
              <![CDATA[java.lang.Throwable: Method FBRegistration.f1()[pri:0, instance:com.ecommerce.test.FBRegistration@443118b0] depends on not successfully finished methods in group "Account Creation"
at org.testng.internal.invokers.TestInvoker.invokeTestMethods(TestInvoker.java:156)
at org.testng.internal.invokers.TestMethodWorker.invokeTestMethods(TestMethodWorker.java:148)
at org.testng.internal.invokers.TestMethodWorker.run(TestMethodWorker.java:128)
at java.base/java.util.concurrent.ThreadPoolExecutor.runWorker(ThreadPoolExecutor.java:1136)
at java.base/java.util.concurrent.ThreadPoolExecutor$Worker.run(ThreadPoolExecutor.java:635)
at java.base/java.lang.Thread.run(Thread.java:833)
]]>
            </full-stacktrace>
          </exception> <!-- java.lang.Throwable -->
          <reporter-output>
          </reporter-output>
        </test-method> <!-- f1 -->
        <test-method is-config="true" signature="afterClass()[pri:0, instance:com.ecommerce.test.FBRegistration@443118b0]" started-at="2023-07-20T15:20:36 IST" name="afterClass" finished-at="2023-07-20T15:20:36 IST" duration-ms="93" status="PASS">
          <reporter-output>
          </reporter-output>
        </test-method> <!-- afterClass -->
        <test-method is-config="true" signature="afterTest()[pri:0, instance:com.ecommerce.test.FBRegistration@443118b0]" started-at="2023-07-20T15:20:36 IST" name="afterTest" finished-at="2023-07-20T15:20:36 IST" duration-ms="4" status="PASS">
          <reporter-output>
          </reporter-output>
        </test-method> <!-- afterTest -->
        <test-method is-config="true" signature="afterSuite()[pri:0, instance:com.ecommerce.test.FBRegistration@443118b0]" started-at="2023-07-20T15:20:37 IST" name="afterSuite" finished-at="2023-07-20T15:20:39 IST" duration-ms="2582" status="PASS">
          <reporter-output>
          </reporter-output>
        </test-method> <!-- afterSuite -->
      </class> <!-- com.ecommerce.test.FBRegistration -->
    </test> <!-- Test FaceBook -->
  </suite> <!-- Suite -->
</testng-results>
